<?xml version="1.0" encoding="UTF-8"?>
<!-- Generated by org.testng.reporters.JUnitXMLReporter -->
<testsuite hostname="LAPTOP-COQHVDGR" ignored="0" name="Chrome Test" tests="14" failures="0" timestamp="09 May 2021 07:03:03 GMT" time="12.289" errors="0">
  <testcase name="verifyUrl" time="0.06" classname="grid.Demo"/>
  <testcase name="verifyTitle" time="0.038" classname="grid.Demo"/>
  <testcase name="verifyLogo" time="0.191" classname="grid.Demo"/>
  <testcase name="verifyMainHeading" time="0.116" classname="grid.Demo"/>
  <testcase name="verifySubHeading" time="0.129" classname="grid.Demo"/>
  <testcase name="verifySignInBoxHeading" time="0.106" classname="grid.Demo"/>
  <testcase name="verifyPlaceholders" time="0.195" classname="grid.Demo"/>
  <testcase name="verifyValidLogIn" time="3.045" classname="grid.Demo"/>
  <testcase name="verifyLogoutSuccessfullyMessage" time="0.108" classname="grid.Demo"/>
  <testcase name="verifyInvalidLogIn" time="0.643" classname="grid.Demo"/>
  <testcase name="verifyInvalidLogInErrorMessage" time="0.232" classname="grid.Demo"/>
  <testcase name="verifyBlankLogInErrorMessage" time="0.595" classname="grid.Demo"/>
  <testcase name="verifyRegisterLinkText" time="0.121" classname="grid.Demo"/>
  <testcase name="verifyRegisterLink" time="0.812" classname="grid.Demo"/>
</testsuite> <!-- Chrome Test -->
